make all --print-data-base --no-builtin-variables --no-builtin-rules --question
make: *** No rule to make target 'all'.  Stop.

# GNU Make 4.2.1
# Built for x86_64-pc-linux-gnu
# Copyright (C) 1988-2016 Free Software Foundation, Inc.
# License GPLv3+: GNU GPL version 3 or later <http://gnu.org/licenses/gpl.html>
# This is free software: you are free to change and redistribute it.
# There is NO WARRANTY, to the extent permitted by law.

# Make data base, printed on Thu Jun  9 12:55:03 2022

# Variables

# automatic
<D = $(patsubst %/,%,$(dir $<))
# automatic
?F = $(notdir $?)
# environment
DESKTOP_SESSION = mate
# default
.SHELLFLAGS := -c
# makefile (from 'makefile', line 23)
OBJ = $(patsubst %,$(ODIR)/%,$(_OBJ)) ;
# environment
XDG_SESSION_CLASS = user
# environment
SNAP_COMMON = /var/snap/code/common
# environment
XDG_SESSION_TYPE = x11
# environment
VSCODE_LOG_NATIVE = false
# automatic
?D = $(patsubst %/,%,$(dir $?))
# automatic
@D = $(patsubst %/,%,$(dir $@))
# environment
XAUTHORITY = /home/issc/.Xauthority
# environment
GDMSESSION = mate
# environment
XMODIFIERS = @im=ibus
# makefile
CURDIR := /home/issc/Documents/MPI_JOBS/bitbucket/lasvegas-ecdlp/Oblique_Elimination
# makefile
SHELL = /bin/sh
# environment
SNAP_DATA = /var/snap/code/97
# environment
GDM_LANG = en_US
# environment
VSCODE_NLS_CONFIG = {"locale":"en-gb","availableLanguages":{},"_languagePackSupport":true}
# environment
_ = /snap/code/97/usr/share/code/code
# environment
QT_AUTO_SCREEN_SCALE_FACTOR = 0
# makefile (from 'makefile', line 3)
CFLAGS = -I$(IDIR) -lntl -lgmp -O0 -w
# environment
XDG_CONFIG_DIRS = /etc/xdg/xdg-mate:/etc/xdg
# environment
SNAP_INSTANCE_NAME = code
# environment
SNAP_ARCH = amd64
# environment
GTK_OVERLAY_SCROLLING = 0
# makefile (from 'makefile', line 1)
MAKEFILE_LIST :=  makefile
# automatic
@F = $(notdir $@)
# 'override' directive
GNUMAKEFLAGS := 
# environment
XDG_DATA_DIRS = /usr/share/mate:/usr/share/mate:/usr/local/share:/usr/share:/var/lib/snapd/desktop
# environment
DBUS_SESSION_BUS_ADDRESS = unix:path=/run/user/1000/bus
# environment
VSCODE_VERBOSE_LOGGING = true
# environment
QT_SCALE_FACTOR = 1
# environment
CLUTTER_IM_MODULE = ibus
# environment
LESSOPEN = | /usr/bin/lesspipe %s
# environment
VSCODE_CWD = /home/issc
# environment
XDG_SESSION_PATH = /org/freedesktop/DisplayManager/Session0
# environment
GSETTINGS_SCHEMA_DIR = /snap/code/97/usr/share/glib-2.0/schemas
# default
MAKE_HOST := x86_64-pc-linux-gnu
# environment
PATH = /home/issc/.local/bin:/home/issc/.local/bin:/usr/local/sbin:/usr/local/bin:/usr/sbin:/usr/bin:/sbin:/bin:/usr/games:/usr/local/games:/snap/bin
# environment
GPG_AGENT_INFO = /run/user/1000/gnupg/S.gpg-agent:0:1
# environment
SESSION_MANAGER = local/issc:@/tmp/.ICE-unix/1703,unix/issc:/tmp/.ICE-unix/1703
# environment
XDG_RUNTIME_DIR = /run/user/1000
# environment
GDK_PIXBUF_MODULE_FILE = /home/issc/snap/code/common/.cache/gdk-pixbuf-loaders.cache
# environment
SNAP = /snap/code/97
# environment
UBUNTU_MENUPROXY = 1
# environment
SNAP_VERSION = c3511e6c
# environment
VSCODE_LOG_STACK = false
# environment
DISABLE_WAYLAND = 1
# environment
ELECTRON_RUN_AS_NODE = 1
# environment
GDK_PIXBUF_MODULEDIR = /snap/code/97/usr/lib/x86_64-linux-gnu/gdk-pixbuf-2.0/2.10.0/loaders
# default
.FEATURES := target-specific order-only second-expansion else-if shortest-stem undefine oneshell archives jobserver output-sync check-symlink load
# environment
XDG_GREETER_DATA_DIR = /var/lib/lightdm-data/issc
# environment
LS_COLORS = 
# environment
XDG_SESSION_DESKTOP = mate
# environment
SSH_AUTH_SOCK = /run/user/1000/keyring/ssh
# environment
GIO_LAUNCHED_DESKTOP_FILE_PID = 415037
# automatic
%F = $(notdir $%)
# makefile (from 'makefile', line 7)
_DEPS = EC_GF2E_Point.hpp EC_GF2E.hpp dlp_input_2m.hpp lasVegas_utils.hpp EC_impl.tcc MPI_utils.hpp dlp_input.hpp EC_ZZp.hpp EC_ZZp_Point.hpp constants.hpp lasVegas.tcc EC_lasVegas_impl.tcc searchAllTwoMinors.tcc utils.hpp schurComplement.tcc schurComplement_serial.tcc containment.tcc eliminationTest.tcc Logger.hpp RowCol.hpp obliqueElimination.tcc 
# environment
DISPLAY = :0
# environment
GTK_IM_MODULE = ibus
# environment
VSCODE_PIPE_LOGGING = true
# environment
SNAP_INSTANCE_KEY = 
# environment
PWD = /home/issc/Documents/MPI_JOBS/bitbucket/lasvegas-ecdlp/Oblique_Elimination
# environment
QT_QPA_PLATFORMTHEME = gtk2
# default
.LOADED := 
# environment
XDG_SEAT = seat0
# environment
SSH_AGENT_PID = 1834
# environment
ORIGINAL_XDG_CURRENT_DESKTOP = MATE
# environment
GTK_MODULES = appmenu-gtk-module:gail:atk-bridge:canberra-gtk-module:appmenu-gtk-module
# environment
VSCODE_AMD_ENTRYPOINT = vs/workbench/api/node/extensionHostProcess
# environment
HOME = /home/issc
# environment
LESSCLOSE = /usr/bin/lesspipe %s %s
# environment
VSCODE_CLI = 1
# environment
VSCODE_CODE_CACHE_PATH = /home/issc/.config/Code/CachedData/c3511e6c69bb39013c4a4b7b9566ec1ca73fc4d5
# environment
LOGNAME = issc
# environment
APPLICATION_INSIGHTS_NO_DIAGNOSTIC_CHANNEL = 1
# makefile (from 'makefile', line 1)
IDIR = ./include
# environment
SNAP_LIBRARY_PATH = /var/lib/snapd/lib/gl:/var/lib/snapd/lib/gl32:/var/lib/snapd/void
# environment
SNAP_CONTEXT = ZgNA0KbxPNSw7DOj30_EYfoVUm12AQYZ_03xo7WLI5sZ-ShPlqKG
# environment
ELECTRON_NO_ATTACH_CONSOLE = 1
# environment
SNAP_USER_COMMON = /home/issc/snap/code/common
# environment
VSCODE_HANDLES_UNCAUGHT_ERRORS = true
# default
MAKE_VERSION := 4.2.1
# automatic
^D = $(patsubst %/,%,$(dir $^))
# environment
XDG_VTNR = 7
# environment
MAKELEVEL := 0
# environment
SNAP_REAL_HOME = /home/issc
# default
MAKE = $(MAKE_COMMAND)
# default
MAKECMDGOALS := all
# environment
QT_IM_MODULE = ibus
# environment
SNAP_USER_DATA = /home/issc/snap/code/97
# environment
SHLVL = 0
# makefile (from 'makefile', line 2)
CC = mpic++
# makefile (from 'makefile', line 5)
ODIR = ./obj
# environment
VSCODE_IPC_HOOK_EXTHOST = /run/user/1000/vscode-ipc-d75ee117-2549-49a8-a95f-441d627f2a7e.sock
# environment
COMPIZ_CONFIG_PROFILE = mate
# environment
XDG_SESSION_ID = c2
# environment
USER = issc
# environment
SNAP_REVISION = 97
# makefile
.DEFAULT_GOAL := lasVegas
# environment
XDG_CURRENT_DESKTOP = MATE
# automatic
%D = $(patsubst %/,%,$(dir $%))
# default
MAKE_COMMAND := make
# default
.VARIABLES := 
# automatic
*F = $(notdir $*)
# environment
LANGUAGE = en_IN:en
# environment
XDG_SEAT_PATH = /org/freedesktop/DisplayManager/Seat0
# environment
VSCODE_IPC_HOOK = /run/user/1000/vscode-443ad859-1.67.2-main.sock
# environment
BAMF_DESKTOP_FILE_HINT = /var/lib/snapd/desktop/applications/code_code.desktop
# makefile
MAKEFLAGS = pqrR
# environment
MFLAGS = -pqrR
# automatic
*D = $(patsubst %/,%,$(dir $*))
# automatic
+D = $(patsubst %/,%,$(dir $+))
# environment
GDK_BACKEND = x11
# automatic
+F = $(notdir $+)
# environment
QT_ACCESSIBILITY = 1
# default
MAKEFILES := 
# environment
SNAP_COOKIE = ZgNA0KbxPNSw7DOj30_EYfoVUm12AQYZ_03xo7WLI5sZ-ShPlqKG
# automatic
<F = $(notdir $<)
# environment
SNAP_NAME = code
# environment
LC_ALL = C
# environment
QT4_IM_MODULE = ibus
# automatic
^F = $(notdir $^)
# makefile (from 'makefile', line 18)
_OBJ = main.o EC_GF2E_Point.o EC_GF2E.o dlp_input_2m.o dlp_input.o randomNumber.o EC_ZZp.o EC_ZZp_Point.o Logger.o RowCol.o ./utils/kernel_utils.o ./utils/lasVegas_utils.o ./utils/MPI_utils.o ./utils/utils.o
# makefile (from 'makefile', line 16)
DEPS = $(patsubst %,$(IDIR)/%,$(_DEPS))
# default
SUFFIXES := 
# environment
SNAP_REEXEC = 
# environment
CHROME_DESKTOP = code-url-handler.desktop
# environment
MATE_DESKTOP_SESSION_ID = this-is-deprecated
# default
.INCLUDE_DIRS = /usr/include /usr/local/include /usr/include
# default
.RECIPEPREFIX := 
# environment
LANG = C
# environment
VSCODE_PID = 415085
# variable set hash-table stats:
# Load=134/1024=13%, Rehash=0, Collisions=17/166=10%

# Pattern-specific Variable Values

# No pattern-specific variable values.

# Directories

# . (device 66306, inode 10256850): 25 files, no impossibilities.

# 25 files, no impossibilities in 1 directories.

# Implicit Rules

obj/%.o: %.cpp include/EC_GF2E_Point.hpp include/EC_GF2E.hpp include/dlp_input_2m.hpp include/lasVegas_utils.hpp include/EC_impl.tcc include/MPI_utils.hpp include/dlp_input.hpp include/EC_ZZp.hpp include/EC_ZZp_Point.hpp include/constants.hpp include/lasVegas.tcc include/EC_lasVegas_impl.tcc include/searchAllTwoMinors.tcc include/utils.hpp include/schurComplement.tcc include/schurComplement_serial.tcc include/containment.tcc include/eliminationTest.tcc include/Logger.hpp include/RowCol.hpp include/obliqueElimination.tcc
 
#  recipe to execute (from 'makefile', line 26):
	$(CC) -c -o $@ $< $(CFLAGS)

# 1 implicit rules, 0 (0.0%) terminal.

# Files

# Not a target:
obj/EC_GF2E_Point.o:
#  Implicit rule search has not been done.
#  Modification time never checked.
#  File has not been updated.

# Not a target:
all:
#  Command line target.
#  Implicit rule search has been done.
#  File does not exist.
#  File has not been updated.

.PHONY: clean
#  Implicit rule search has not been done.
#  Modification time never checked.
#  File has not been updated.

# Not a target:
obj/main.o:
#  Implicit rule search has not been done.
#  Modification time never checked.
#  File has not been updated.

# Not a target:
obj/dlp_input.o:
#  Implicit rule search has not been done.
#  Modification time never checked.
#  File has not been updated.

# Not a target:
makefile:
#  Implicit rule search has been done.
#  Last modified 2022-06-09 12:54:47.803189667
#  File has been updated.
#  Successfully updated.

# Not a target:
obj/./utils/MPI_utils.o:
#  Implicit rule search has not been done.
#  Modification time never checked.
#  File has not been updated.

# Not a target:
obj/./utils/kernel_utils.o:
#  Implicit rule search has not been done.
#  Modification time never checked.
#  File has not been updated.

# Not a target:
obj/RowCol.o:
#  Implicit rule search has not been done.
#  Modification time never checked.
#  File has not been updated.

lasVegas: obj/main.o obj/EC_GF2E_Point.o obj/EC_GF2E.o obj/dlp_input_2m.o obj/dlp_input.o obj/randomNumber.o obj/EC_ZZp.o obj/EC_ZZp_Point.o obj/Logger.o obj/RowCol.o obj/./utils/kernel_utils.o obj/./utils/lasVegas_utils.o obj/./utils/MPI_utils.o obj/./utils/utils.o
#  Implicit rule search has not been done.
#  Modification time never checked.
#  File has not been updated.
#  recipe to execute (from 'makefile', line 28):
	
	$(CC) -o $@ $^ $(CFLAGS) $(LIBS)

# Not a target:
.DEFAULT:
#  Implicit rule search has not been done.
#  Modification time never checked.
#  File has not been updated.

# Not a target:
obj/EC_ZZp.o:
#  Implicit rule search has not been done.
#  Modification time never checked.
#  File has not been updated.

clean:
#  Phony target (prerequisite of .PHONY).
#  Implicit rule search has not been done.
#  File does not exist.
#  File has not been updated.
#  recipe to execute (from 'makefile', line 34):
	rm -f $(ODIR)/*.o *~ core $(INCDIR)/*~  kernel/*.txt randomNumbers/*.txt obj/utils/*.o output/*.*

# Not a target:
obj/dlp_input_2m.o:
#  Implicit rule search has not been done.
#  Modification time never checked.
#  File has not been updated.

# Not a target:
obj/EC_GF2E.o:
#  Implicit rule search has not been done.
#  Modification time never checked.
#  File has not been updated.

# Not a target:
obj/./utils/lasVegas_utils.o:
#  Implicit rule search has not been done.
#  Modification time never checked.
#  File has not been updated.

# Not a target:
obj/./utils/utils.o:
#  Implicit rule search has not been done.
#  Modification time never checked.
#  File has not been updated.

# Not a target:
obj/Logger.o:
#  Implicit rule search has not been done.
#  Modification time never checked.
#  File has not been updated.

# Not a target:
obj/EC_ZZp_Point.o:
#  Implicit rule search has not been done.
#  Modification time never checked.
#  File has not been updated.

# Not a target:
obj/randomNumber.o:
#  Implicit rule search has not been done.
#  Modification time never checked.
#  File has not been updated.

# files hash-table stats:
# Load=21/1024=2%, Rehash=0, Collisions=0/47=0%
# VPATH Search Paths

# No 'vpath' search paths.

# No general ('VPATH' variable) search path.

# strcache buffers: 1 (0) / strings = 69 / storage = 1116 B / avg = 16 B
# current buf: size = 8162 B / used = 1116 B / count = 69 / avg = 16 B

# strcache performance: lookups = 78 / hit rate = 11%
# hash-table stats:
# Load=69/8192=1%, Rehash=0, Collisions=2/78=3%
# Finished Make data base on Thu Jun  9 12:55:03 2022

 
